
**** Build of configuration Debug for project test ****

"C:\\ti\\ccs1011\\ccs\\utils\\bin\\gmake" -k -j 8 all -O 
 
Building file: "../main.c"
Invoking: ARM Compiler
"C:/ti/ccs1011/ccs/tools/compiler/ti-cgt-arm_20.2.4.LTS/bin/armcl" -mv7M4 --code_state=16 --float_support=FPv4SPD16 -me --include_path="C:/ti/simplelink_msp432p4_sdk_3_40_01_02/source/ti/devices/msp432p4xx/driverlib" --include_path="C:/Users/ATN/Documents/Code Compose Studio workspace/test" --include_path="/source" --include_path="/source/third_party/CMSIS/Include" --include_path="C:/ti/ccs1011/ccs/tools/compiler/ti-cgt-arm_20.2.4.LTS/include" --advice:power=all --define=__MSP432P401R__ --define=ccs -g --gcc --diag_warning=225 --diag_wrap=off --display_error_number --abi=eabi --preproc_with_compile --preproc_dependency="main.d_raw"  "../main.c"
 
>> Compilation failure
subdir_rules.mk:9: recipe for target 'main.obj' failed
"../main.c", line 1: fatal error #1965: cannot open source file "ti/devices/msp432p4xx/driverlib/driverlib.h"
1 catastrophic error detected in the compilation of "../main.c".
Compilation terminated.
gmake: *** [main.obj] Error 1
Building file: "../system_msp432p401r.c"
Invoking: ARM Compiler
"C:/ti/ccs1011/ccs/tools/compiler/ti-cgt-arm_20.2.4.LTS/bin/armcl" -mv7M4 --code_state=16 --float_support=FPv4SPD16 -me --include_path="C:/ti/simplelink_msp432p4_sdk_3_40_01_02/source/ti/devices/msp432p4xx/driverlib" --include_path="C:/Users/ATN/Documents/Code Compose Studio workspace/test" --include_path="/source" --include_path="/source/third_party/CMSIS/Include" --include_path="C:/ti/ccs1011/ccs/tools/compiler/ti-cgt-arm_20.2.4.LTS/include" --advice:power=all --define=__MSP432P401R__ --define=ccs -g --gcc --diag_warning=225 --diag_wrap=off --display_error_number --abi=eabi --preproc_with_compile --preproc_dependency="system_msp432p401r.d_raw"  "../system_msp432p401r.c"
 
>> Compilation failure
subdir_rules.mk:9: recipe for target 'system_msp432p401r.obj' failed
"../system_msp432p401r.c", line 46: fatal error #1965: cannot open source file "msp.h"
1 catastrophic error detected in the compilation of "../system_msp432p401r.c".
Compilation terminated.
gmake: *** [system_msp432p401r.obj] Error 1
Building file: "../startup_msp432p401r_ccs.c"
Invoking: ARM Compiler
"C:/ti/ccs1011/ccs/tools/compiler/ti-cgt-arm_20.2.4.LTS/bin/armcl" -mv7M4 --code_state=16 --float_support=FPv4SPD16 -me --include_path="C:/ti/simplelink_msp432p4_sdk_3_40_01_02/source/ti/devices/msp432p4xx/driverlib" --include_path="C:/Users/ATN/Documents/Code Compose Studio workspace/test" --include_path="/source" --include_path="/source/third_party/CMSIS/Include" --include_path="C:/ti/ccs1011/ccs/tools/compiler/ti-cgt-arm_20.2.4.LTS/include" --advice:power=all --define=__MSP432P401R__ --define=ccs -g --gcc --diag_warning=225 --diag_wrap=off --display_error_number --abi=eabi --preproc_with_compile --preproc_dependency="startup_msp432p401r_ccs.d_raw"  "../startup_msp432p401r_ccs.c"
Finished building: "../startup_msp432p401r_ccs.c"
 
gmake: Target 'all' not remade because of errors.

**** Build Finished ****
